#
# A fatal error has been detected by the Java Runtime Environment:
#
#  EXCEPTION_ACCESS_VIOLATION (0xc0000005) at pc=0x617493cd, pid=16856, tid=0x000015c4
#
# JRE version: Java(TM) SE Runtime Environment (8.0_92-b14) (build 1.8.0_92-b14)
# Java VM: Java HotSpot(TM) Client VM (25.92-b14 mixed mode windows-x86 )
# Problematic frame:
# C  [listSerialsj.dll+0x93cd]
#
# Failed to write core dump. Minidumps are not enabled by default on client versions of Windows
#
# If you would like to submit a bug report, please visit:
#   http://bugreport.java.com/bugreport/crash.jsp
# The crash happened outside the Java Virtual Machine in native code.
# See problematic frame for where to report the bug.
#

---------------  T H R E A D  ---------------

Current thread (0x26926800):  JavaThread "cc.arduino.packages.discoverers.serial.SerialBoardsLister" [_thread_in_native, id=5572, stack(0x27270000,0x272c0000)]

siginfo: ExceptionCode=0xc0000005, writing address 0x00000000

Registers:
EAX=0x00000000, EBX=0x00000fb4, ECX=0x00000000, EDX=0x00000001
ESP=0x272bf050, EBP=0x272bf4a8, ESI=0x00000001, EDI=0x0073e8a0
EIP=0x617493cd, EFLAGS=0x00010246

Top of Stack: (sp=0x272bf050)
0x272bf050:   25874440 0000002e 00000002 00000000
0x272bf060:   00000003 00000000 00000000 00000000
0x272bf070:   272bf0d4 272bf088 0000006c 777fa540
0x272bf080:   2587d988 002bf140 0073df90 000000ca
0x272bf090:   000009b5 272bf0b4 0000009d 00000002
0x272bf0a0:   00000001 0000006c 00000059 0000008c
0x272bf0b0:   008c0000 00000000 394d4f43 00000000
0x272bf0c0:   00425355 508c631b 26926800 268878f0 

Instructions: (pc=0x617493cd)
0x617493ad:   8b 45 08 8b 90 94 00 00 00 85 d2 74 16 8b 40 2c
0x617493bd:   c7 44 24 04 2e 00 00 00 89 04 24 e8 73 14 00 00
0x617493cd:   c6 00 00 8d 85 04 fc ff ff 89 44 24 18 8d 85 0a
0x617493dd:   fc ff ff 89 44 24 10 a1 e4 01 75 61 c7 85 04 fc 


Register to memory mapping:

EAX=0x00000000 is an unknown value
EBX=0x00000fb4 is an unknown value
ECX=0x00000000 is an unknown value
EDX=0x00000001 is an unknown value
ESP=0x272bf050 is pointing into the stack for thread: 0x26926800
EBP=0x272bf4a8 is pointing into the stack for thread: 0x26926800
ESI=0x00000001 is an unknown value
EDI=0x0073e8a0 is an unknown value


Stack: [0x27270000,0x272c0000],  sp=0x272bf050,  free space=316k
Native frames: (J=compiled Java code, j=interpreted, Vv=VM code, C=native code)
C  [listSerialsj.dll+0x93cd]
C  [listSerialsj.dll+0x2211]

Java frames: (J=compiled Java code, j=interpreted, Vv=VM code)
J 4513  processing.app.Platform.listSerialsNative()[Ljava/lang/String; (0 bytes) @ 0x029c1a8f [0x029c1a50+0x3f]
J 8942 C1 cc.arduino.packages.discoverers.serial.SerialBoardsLister.retriggerDiscovery(Z)V (751 bytes) @ 0x027b2da4 [0x027b2c50+0x154]
J 8945 C1 cc.arduino.packages.discoverers.serial.SerialBoardsLister.run()V (13 bytes) @ 0x0284d014 [0x0284cfd0+0x44]
J 2647% C1 java.util.TimerThread.mainLoop()V (232 bytes) @ 0x027a4614 [0x027a41e0+0x434]
j  java.util.TimerThread.run()V+1
v  ~StubRoutines::call_stub

---------------  P R O C E S S  ---------------

Java Threads: ( => current thread )
  0x26a9c400 JavaThread "JmDNS(John-Alex-xps.local.).Timer" daemon [_thread_blocked, id=9768, stack(0x287b0000,0x28800000)]
  0x26a9d000 JavaThread "JmDNS(John-Alex-xps.local.).State.Timer" [_thread_blocked, id=11292, stack(0x28720000,0x28770000)]
  0x26a9ac00 JavaThread "JmDNS(John-Alex-xps.local.).Timer" daemon [_thread_blocked, id=6928, stack(0x28690000,0x286e0000)]
  0x26a9bc00 JavaThread "SocketListener(John-Alex-xps.local.)" daemon [_thread_in_native, id=15236, stack(0x28600000,0x28650000)]
  0x26a9b800 JavaThread "JmDNS(10-251-216-241.local.).Timer" daemon [_thread_blocked, id=16868, stack(0x28570000,0x285c0000)]
  0x26a9b000 JavaThread "JmDNS(10-251-216-241.local.).State.Timer" [_thread_blocked, id=12300, stack(0x284e0000,0x28530000)]
  0x26e5d800 JavaThread "JmDNS(10-251-216-241.local.).Timer" daemon [_thread_blocked, id=19360, stack(0x28130000,0x28180000)]
  0x26e5c000 JavaThread "SocketListener(10-251-216-241.local.)" daemon [_thread_in_native, id=5876, stack(0x280a0000,0x280f0000)]
  0x26e5ac00 JavaThread "JmDNS(John-Alex-xps.local.).Timer" daemon [_thread_blocked, id=17592, stack(0x27f80000,0x27fd0000)]
  0x26e5a800 JavaThread "JmDNS(John-Alex-xps.local.).State.Timer" [_thread_blocked, id=6612, stack(0x27e30000,0x27e80000)]
  0x26e5d400 JavaThread "JmDNS(John-Alex-xps.local.).Timer" daemon [_thread_blocked, id=10484, stack(0x27ac0000,0x27b10000)]
  0x26e5f400 JavaThread "SocketListener(John-Alex-xps.local.)" daemon [_thread_in_native, id=15208, stack(0x27910000,0x27960000)]
  0x26e5e400 JavaThread "JmDNS(John-Alex-xps.local.).Timer" daemon [_thread_blocked, id=5920, stack(0x278c0000,0x27910000)]
  0x26e5a000 JavaThread "JmDNS(John-Alex-xps.local.).State.Timer" [_thread_blocked, id=19212, stack(0x275c0000,0x27610000)]
  0x26e5e000 JavaThread "JmDNS(John-Alex-xps.local.).Timer" daemon [_thread_blocked, id=15184, stack(0x274e0000,0x27530000)]
  0x26e5b800 JavaThread "SocketListener(John-Alex-xps.local.)" daemon [_thread_in_native, id=18764, stack(0x264c0000,0x26510000)]
  0x26e60000 JavaThread "JmDNS(divmhlpt104801d-university-harvard-edu.local.).Timer" daemon [_thread_blocked, id=12160, stack(0x257e0000,0x25830000)]
  0x26e59c00 JavaThread "JmDNS(divmhlpt104801d-university-harvard-edu.local.).State.Timer" [_thread_blocked, id=10660, stack(0x25750000,0x257a0000)]
  0x26e5ec00 JavaThread "JmDNS(divmhlpt104801d-university-harvard-edu.local.).Timer" daemon [_thread_blocked, id=15192, stack(0x256c0000,0x25710000)]
  0x26e59400 JavaThread "SocketListener(divmhlpt104801d-university-harvard-edu.local.)" daemon [_thread_in_native, id=16704, stack(0x25630000,0x25680000)]
  0x26e5c800 JavaThread "JmDNS(fe80:0:0:0:3008:9460:d419:cb86%wlan1.local.).Timer" daemon [_thread_blocked, id=5736, stack(0x04730000,0x04780000)]
  0x26e5f800 JavaThread "JmDNS(fe80:0:0:0:3008:9460:d419:cb86%wlan1.local.).State.Timer" [_thread_blocked, id=1744, stack(0x046e0000,0x04730000)]
  0x26e5cc00 JavaThread "JmDNS(fe80:0:0:0:3008:9460:d419:cb86%wlan1.local.).Timer" daemon [_thread_blocked, id=5196, stack(0x023f0000,0x02440000)]
  0x26e60400 JavaThread "SocketListener(fe80:0:0:0:3008:9460:d419:cb86%wlan1.local.)" daemon [_thread_in_native, id=2280, stack(0x00940000,0x00990000)]
  0x26e58c00 JavaThread "DestroyJavaVM" [_thread_blocked, id=16428, stack(0x00cc0000,0x00d10000)]
  0x26e5b400 JavaThread "TimerQueue" daemon [_thread_blocked, id=11512, stack(0x29e20000,0x29e70000)]
  0x26a9dc00 JavaThread "AWT-EventQueue-0" [_thread_blocked, id=5304, stack(0x28390000,0x283e0000)]
  0x26a9c800 JavaThread "AWT-Shutdown" [_thread_blocked, id=16076, stack(0x28300000,0x28350000)]
  0x26a9e400 JavaThread "Batik CleanerThread" daemon [_thread_blocked, id=8872, stack(0x27b90000,0x27be0000)]
  0x26928000 JavaThread "cc.arduino.packages.discoverers.network.BoardReachabilityFilter" [_thread_blocked, id=8488, stack(0x27390000,0x273e0000)]
  0x26927000 JavaThread "cc.arduino.packages.discoverers.network.NetworkChecker" [_thread_in_native, id=19272, stack(0x27300000,0x27350000)]
=>0x26926800 JavaThread "cc.arduino.packages.discoverers.serial.SerialBoardsLister" [_thread_in_native, id=5572, stack(0x27270000,0x272c0000)]
  0x25d8b400 JavaThread "AWT-Windows" daemon [_thread_in_native, id=7244, stack(0x26290000,0x262e0000)]
  0x25d88400 JavaThread "Java2D Disposer" daemon [_thread_blocked, id=6188, stack(0x26170000,0x261c0000)]
  0x25397000 JavaThread "Service Thread" daemon [_thread_blocked, id=19108, stack(0x25b60000,0x25bb0000)]
  0x25370800 JavaThread "C1 CompilerThread0" daemon [_thread_blocked, id=564, stack(0x25ad0000,0x25b20000)]
  0x2536f000 JavaThread "Attach Listener" daemon [_thread_blocked, id=12256, stack(0x25a40000,0x25a90000)]
  0x2536d000 JavaThread "Signal Dispatcher" daemon [_thread_blocked, id=17900, stack(0x259b0000,0x25a00000)]
  0x2535a800 JavaThread "Finalizer" daemon [_thread_blocked, id=19324, stack(0x24f80000,0x24fd0000)]
  0x25344c00 JavaThread "Reference Handler" daemon [_thread_blocked, id=18028, stack(0x24ef0000,0x24f40000)]

Other Threads:
  0x023ddc00 VMThread [stack: 0x24e60000,0x24eb0000] [id=17380]
  0x2537c800 WatcherThread [stack: 0x25bf0000,0x25c40000] [id=6912]

VM state:not at safepoint (normal execution)

VM Mutex/Monitor currently owned by a thread: None

Heap:
 def new generation   total 39424K, used 20561K [0x04800000, 0x072c0000, 0x0f2a0000)
  eden space 35072K,  58% used [0x04800000, 0x05c12148, 0x06a40000)
  from space 4352K,   0% used [0x06e80000, 0x06e82470, 0x072c0000)
  to   space 4352K,   0% used [0x06a40000, 0x06a40000, 0x06e80000)
 tenured generation   total 87424K, used 73601K [0x0f2a0000, 0x14800000, 0x24800000)
   the space 87424K,  84% used [0x0f2a0000, 0x13a806b0, 0x13a80800, 0x14800000)
 Metaspace       used 20113K, capacity 20617K, committed 20864K, reserved 20864K

Card table byte_map: [0x24800000,0x24910000] byte_map_base: 0x247dc000

Polling page: 0x00a20000

CodeCache: size=32768Kb used=1889Kb max_used=4436Kb free=30878Kb
 bounds [0x02640000, 0x02a98000, 0x04640000]
 total_blobs=1160 nmethods=884 adapters=205
 compilation: enabled

Compilation events (10 events):
Event: 43713.123 Thread 0x25370800 9182             java.lang.Float::isNaN (12 bytes)
Event: 43713.123 Thread 0x25370800 nmethod 9182 0x026e5b08 code [0x026e5c00, 0x026e5ca0]
Event: 43716.641 Thread 0x25370800 9183             java.util.HashMap::<init> (98 bytes)
Event: 43716.642 Thread 0x25370800 nmethod 9183 0x0271fe08 code [0x0271ffa0, 0x027204a8]
Event: 43716.643 Thread 0x25370800 9184             java.util.HashMap::tableSizeFor (59 bytes)
Event: 43716.643 Thread 0x25370800 nmethod 9184 0x02775208 code [0x02775300, 0x027753c0]
Event: 43722.805 Thread 0x25370800 9185             java.lang.String::hashCode (55 bytes)
Event: 43722.805 Thread 0x25370800 nmethod 9185 0x02701288 code [0x02701380, 0x02701450]
Event: 43758.841 Thread 0x25370800 9186             java.lang.String::length (6 bytes)
Event: 43758.841 Thread 0x25370800 nmethod 9186 0x02701088 code [0x02701180, 0x02701210]

GC Heap History (10 events):
Event: 40453.515 GC heap before
{Heap before GC invocations=257 (full 2):
 def new generation   total 39424K, used 35403K [0x04800000, 0x072c0000, 0x0f2a0000)
  eden space 35072K, 100% used [0x04800000, 0x06a40000, 0x06a40000)
  from space 4352K,   7% used [0x06a40000, 0x06a92ce0, 0x06e80000)
  to   space 4352K,   0% used [0x06e80000, 0x06e80000, 0x072c0000)
 tenured generation   total 87424K, used 73293K [0x0f2a0000, 0x14800000, 0x24800000)
   the space 87424K,  83% used [0x0f2a0000, 0x13a337c8, 0x13a33800, 0x14800000)
 Metaspace       used 20113K, capacity 20617K, committed 20864K, reserved 20864K
Event: 40453.518 GC heap after
Heap after GC invocations=258 (full 2):
 def new generation   total 39424K, used 331K [0x04800000, 0x072c0000, 0x0f2a0000)
  eden space 35072K,   0% used [0x04800000, 0x04800000, 0x06a40000)
  from space 4352K,   7% used [0x06e80000, 0x06ed2e68, 0x072c0000)
  to   space 4352K,   0% used [0x06a40000, 0x06a40000, 0x06e80000)
 tenured generation   total 87424K, used 73296K [0x0f2a0000, 0x14800000, 0x24800000)
   the space 87424K,  83% used [0x0f2a0000, 0x13a34000, 0x13a34000, 0x14800000)
 Metaspace       used 20113K, capacity 20617K, committed 20864K, reserved 20864K
}
Event: 40690.931 GC heap before
{Heap before GC invocations=258 (full 2):
 def new generation   total 39424K, used 35403K [0x04800000, 0x072c0000, 0x0f2a0000)
  eden space 35072K, 100% used [0x04800000, 0x06a40000, 0x06a40000)
  from space 4352K,   7% used [0x06e80000, 0x06ed2e68, 0x072c0000)
  to   space 4352K,   0% used [0x06a40000, 0x06a40000, 0x06e80000)
 tenured generation   total 87424K, used 73296K [0x0f2a0000, 0x14800000, 0x24800000)
   the space 87424K,  83% used [0x0f2a0000, 0x13a34000, 0x13a34000, 0x14800000)
 Metaspace       used 20113K, capacity 20617K, committed 20864K, reserved 20864K
Event: 40690.934 GC heap after
Heap after GC invocations=259 (full 2):
 def new generation   total 39424K, used 312K [0x04800000, 0x072c0000, 0x0f2a0000)
  eden space 35072K,   0% used [0x04800000, 0x04800000, 0x06a40000)
  from space 4352K,   7% used [0x06a40000, 0x06a8e2c0, 0x06e80000)
  to   space 4352K,   0% used [0x06e80000, 0x06e80000, 0x072c0000)
 tenured generation   total 87424K, used 73301K [0x0f2a0000, 0x14800000, 0x24800000)
   the space 87424K,  83% used [0x0f2a0000, 0x13a35498, 0x13a35600, 0x14800000)
 Metaspace       used 20113K, capacity 20617K, committed 20864K, reserved 20864K
}
Event: 41012.305 GC heap before
{Heap before GC invocations=259 (full 2):
 def new generation   total 39424K, used 35384K [0x04800000, 0x072c0000, 0x0f2a0000)
  eden space 35072K, 100% used [0x04800000, 0x06a40000, 0x06a40000)
  from space 4352K,   7% used [0x06a40000, 0x06a8e2c0, 0x06e80000)
  to   space 4352K,   0% used [0x06e80000, 0x06e80000, 0x072c0000)
 tenured generation   total 87424K, used 73301K [0x0f2a0000, 0x14800000, 0x24800000)
   the space 87424K,  83% used [0x0f2a0000, 0x13a35498, 0x13a35600, 0x14800000)
 Metaspace       used 20113K, capacity 20617K, committed 20864K, reserved 20864K
Event: 41012.313 GC heap after
Heap after GC invocations=260 (full 2):
 def new generation   total 39424K, used 1581K [0x04800000, 0x072c0000, 0x0f2a0000)
  eden space 35072K,   0% used [0x04800000, 0x04800000, 0x06a40000)
  from space 4352K,  36% used [0x06e80000, 0x0700b550, 0x072c0000)
  to   space 4352K,   0% used [0x06a40000, 0x06a40000, 0x06e80000)
 tenured generation   total 87424K, used 73377K [0x0f2a0000, 0x14800000, 0x24800000)
   the space 87424K,  83% used [0x0f2a0000, 0x13a48400, 0x13a48400, 0x14800000)
 Metaspace       used 20113K, capacity 20617K, committed 20864K, reserved 20864K
}
Event: 42109.635 GC heap before
{Heap before GC invocations=260 (full 2):
 def new generation   total 39424K, used 36653K [0x04800000, 0x072c0000, 0x0f2a0000)
  eden space 35072K, 100% used [0x04800000, 0x06a40000, 0x06a40000)
  from space 4352K,  36% used [0x06e80000, 0x0700b550, 0x072c0000)
  to   space 4352K,   0% used [0x06a40000, 0x06a40000, 0x06e80000)
 tenured generation   total 87424K, used 73377K [0x0f2a0000, 0x14800000, 0x24800000)
   the space 87424K,  83% used [0x0f2a0000, 0x13a48400, 0x13a48400, 0x14800000)
 Metaspace       used 20113K, capacity 20617K, committed 20864K, reserved 20864K
Event: 42109.719 GC heap after
Heap after GC invocations=261 (full 2):
 def new generation   total 39424K, used 875K [0x04800000, 0x072c0000, 0x0f2a0000)
  eden space 35072K,   0% used [0x04800000, 0x04800000, 0x06a40000)
  from space 4352K,  20% used [0x06a40000, 0x06b1ad38, 0x06e80000)
  to   space 4352K,   0% used [0x06e80000, 0x06e80000, 0x072c0000)
 tenured generation   total 87424K, used 73486K [0x0f2a0000, 0x14800000, 0x24800000)
   the space 87424K,  84% used [0x0f2a0000, 0x13a63978, 0x13a63a00, 0x14800000)
 Metaspace       used 20113K, capacity 20617K, committed 20864K, reserved 20864K
}
Event: 43263.450 GC heap before
{Heap before GC invocations=261 (full 2):
 def new generation   total 39424K, used 35947K [0x04800000, 0x072c0000, 0x0f2a0000)
  eden space 35072K, 100% used [0x04800000, 0x06a40000, 0x06a40000)
  from space 4352K,  20% used [0x06a40000, 0x06b1ad38, 0x06e80000)
  to   space 4352K,   0% used [0x06e80000, 0x06e80000, 0x072c0000)
 tenured generation   total 87424K, used 73486K [0x0f2a0000, 0x14800000, 0x24800000)
   the space 87424K,  84% used [0x0f2a0000, 0x13a63978, 0x13a63a00, 0x14800000)
 Metaspace       used 20113K, capacity 20617K, committed 20864K, reserved 20864K
Event: 43263.487 GC heap after
Heap after GC invocations=262 (full 2):
 def new generation   total 39424K, used 9K [0x04800000, 0x072c0000, 0x0f2a0000)
  eden space 35072K,   0% used [0x04800000, 0x04800000, 0x06a40000)
  from space 4352K,   0% used [0x06e80000, 0x06e82470, 0x072c0000)
  to   space 4352K,   0% used [0x06a40000, 0x06a40000, 0x06e80000)
 tenured generation   total 87424K, used 73601K [0x0f2a0000, 0x14800000, 0x24800000)
   the space 87424K,  84% used [0x0f2a0000, 0x13a806b0, 0x13a80800, 0x14800000)
 Metaspace       used 20113K, capacity 20617K, committed 20864K, reserved 20864K
}

Deoptimization events (0 events):
No events

Internal exceptions (10 events):
Event: 36661.169 Thread 0x25f3e000 Exception <a 'sun/nio/fs/WindowsException'> (0x04d94fb0) thrown at [C:\workspace\8-2-build-windows-i586-cygwin\jdk8u92\6642\hotspot\src\share\vm\prims\jni.cpp, line 709]
Event: 36661.170 Thread 0x25f3e000 Exception <a 'sun/nio/fs/WindowsException'> (0x04da0d90) thrown at [C:\workspace\8-2-build-windows-i586-cygwin\jdk8u92\6642\hotspot\src\share\vm\prims\jni.cpp, line 709]
Event: 36661.170 Thread 0x25f3e000 Exception <a 'sun/nio/fs/WindowsException'> (0x04da1450) thrown at [C:\workspace\8-2-build-windows-i586-cygwin\jdk8u92\6642\hotspot\src\share\vm\prims\jni.cpp, line 709]
Event: 37772.079 Thread 0x26927000 Exception <a 'java/net/SocketException': error setting options> (0x04a58d88) thrown at [C:\workspace\8-2-build-windows-i586-cygwin\jdk8u92\6642\hotspot\src\share\vm\prims\jni.cpp, line 735]
Event: 37772.079 Thread 0x26e5a000 Exception <a 'java/net/SocketException': socket closed> (0x04ae20b8) thrown at [C:\workspace\8-2-build-windows-i586-cygwin\jdk8u92\6642\hotspot\src\share\vm\prims\jni.cpp, line 735]
Event: 37778.162 Thread 0x26e5c800 Exception <a 'java/net/SocketException': socket closed> (0x04b869b0) thrown at [C:\workspace\8-2-build-windows-i586-cygwin\jdk8u92\6642\hotspot\src\share\vm\prims\jni.cpp, line 735]
Event: 37784.180 Thread 0x26e5ec00 Exception <a 'java/net/SocketException': socket closed> (0x04cab1e0) thrown at [C:\workspace\8-2-build-windows-i586-cygwin\jdk8u92\6642\hotspot\src\share\vm\prims\jni.cpp, line 735]
Event: 37795.196 Thread 0x26a9b800 Exception <a 'java/net/SocketException': socket closed> (0x04e33cc8) thrown at [C:\workspace\8-2-build-windows-i586-cygwin\jdk8u92\6642\hotspot\src\share\vm\prims\jni.cpp, line 735]
Event: 37800.214 Thread 0x26e5ac00 Exception <a 'java/net/SocketException': socket closed> (0x04e33b98) thrown at [C:\workspace\8-2-build-windows-i586-cygwin\jdk8u92\6642\hotspot\src\share\vm\prims\jni.cpp, line 735]
Event: 37801.592 Thread 0x26927000 Exception <a 'java/net/UnknownHostException': John-Alex-xps.wrls.harvard.edu> (0x04f24e98) thrown at [C:\workspace\8-2-build-windows-i586-cygwin\jdk8u92\6642\hotspot\src\share\vm\prims\jni.cpp, line 735]

Events (10 events):
Event: 43465.565 Thread 0x25370800 flushing nmethod 0x027755c8
Event: 43465.565 Thread 0x25370800 flushing nmethod 0x02828dc8
Event: 43465.565 Thread 0x25370800 flushing nmethod 0x02829248
Event: 43548.828 Thread 0x25370800 flushing nmethod 0x02701388
Event: 43647.860 Thread 0x25370800 flushing nmethod 0x029c2808
Event: 43647.860 Thread 0x25370800 flushing nmethod 0x029dc688
Event: 43650.354 Thread 0x25370800 flushing nmethod 0x026e4348
Event: 43650.354 Thread 0x25370800 flushing nmethod 0x026e4608
Event: 43650.354 Thread 0x25370800 flushing nmethod 0x02700fc8
Event: 43716.643 Thread 0x25370800 flushing nmethod 0x02a8c248


Dynamic libraries:
0x00d10000 - 0x00d43000 	C:\Program Files (x86)\Arduino\java\bin\javaw.exe
0x77c60000 - 0x77de3000 	C:\WINDOWS\SYSTEM32\ntdll.dll
0x75070000 - 0x75150000 	C:\WINDOWS\System32\KERNEL32.DLL
0x75fd0000 - 0x76171000 	C:\WINDOWS\System32\KERNELBASE.dll
0x74800000 - 0x74877000 	C:\WINDOWS\System32\ADVAPI32.dll
0x75370000 - 0x7542e000 	C:\WINDOWS\System32\msvcrt.dll
0x75e00000 - 0x75e41000 	C:\WINDOWS\System32\sechost.dll
0x756e0000 - 0x757a1000 	C:\WINDOWS\System32\RPCRT4.dll
0x74720000 - 0x7473e000 	C:\WINDOWS\System32\SspiCli.dll
0x74710000 - 0x7471a000 	C:\WINDOWS\System32\CRYPTBASE.dll
0x747a0000 - 0x747fa000 	C:\WINDOWS\System32\bcryptPrimitives.dll
0x75e60000 - 0x75fbf000 	C:\WINDOWS\System32\USER32.dll
0x77650000 - 0x77665000 	C:\WINDOWS\System32\win32u.dll
0x75940000 - 0x7596b000 	C:\WINDOWS\System32\GDI32.dll
0x77670000 - 0x777cb000 	C:\WINDOWS\System32\gdi32full.dll
0x6eaf0000 - 0x6ecfa000 	C:\WINDOWS\WinSxS\x86_microsoft.windows.common-controls_6595b64144ccf1df_6.0.14393.953_none_89c2555adb023171\COMCTL32.dll
0x75be0000 - 0x75df1000 	C:\WINDOWS\System32\combase.dll
0x75860000 - 0x75940000 	C:\WINDOWS\System32\ucrtbase.dll
0x74eb0000 - 0x74ed5000 	C:\WINDOWS\System32\IMM32.DLL
0x5f7b0000 - 0x5f86f000 	C:\Program Files (x86)\Arduino\java\bin\msvcr100.dll
0x508b0000 - 0x50c7b000 	C:\Program Files (x86)\Arduino\java\bin\client\jvm.dll
0x75b40000 - 0x75b46000 	C:\WINDOWS\System32\PSAPI.DLL
0x745e0000 - 0x745e8000 	C:\WINDOWS\SYSTEM32\WSOCK32.dll
0x75a60000 - 0x75ac3000 	C:\WINDOWS\System32\WS2_32.dll
0x73360000 - 0x73384000 	C:\WINDOWS\SYSTEM32\WINMM.dll
0x746a0000 - 0x746a8000 	C:\WINDOWS\SYSTEM32\VERSION.dll
0x009a0000 - 0x009c3000 	C:\WINDOWS\SYSTEM32\WINMMBASE.dll
0x74e70000 - 0x74ea6000 	C:\WINDOWS\System32\cfgmgr32.dll
0x699a0000 - 0x699d1000 	C:\Program Files (x86)\Arduino\java\bin\splashscreen.dll
0x6d6f0000 - 0x6d6fc000 	C:\Program Files (x86)\Arduino\java\bin\verify.dll
0x70420000 - 0x70495000 	C:\WINDOWS\system32\uxtheme.dll
0x69970000 - 0x69991000 	C:\Program Files (x86)\Arduino\java\bin\java.dll
0x69900000 - 0x69913000 	C:\Program Files (x86)\Arduino\java\bin\zip.dll
0x755a0000 - 0x756d5000 	C:\WINDOWS\System32\MSCTF.dll
0x74f30000 - 0x74fc4000 	C:\WINDOWS\System32\OLEAUT32.dll
0x74df0000 - 0x74e6b000 	C:\WINDOWS\System32\msvcp_win.dll
0x69880000 - 0x698fb000 	C:\Program Files (x86)\Common Files\Microsoft Shared\Ink\tiptsf.dll
0x74790000 - 0x7479d000 	C:\WINDOWS\System32\kernel.appcore.dll
0x75b50000 - 0x75bd4000 	C:\WINDOWS\System32\clbcatq.dll
0x6d7a0000 - 0x6d8f2000 	C:\Windows\System32\uiautomationcore.dll
0x74670000 - 0x7468a000 	C:\Windows\System32\USERENV.dll
0x75ad0000 - 0x75adf000 	C:\WINDOWS\System32\profapi.dll
0x76270000 - 0x77648000 	C:\WINDOWS\System32\SHELL32.dll
0x74880000 - 0x74dee000 	C:\WINDOWS\System32\windows.storage.dll
0x74ee0000 - 0x74f25000 	C:\WINDOWS\System32\powrprof.dll
0x74740000 - 0x74786000 	C:\WINDOWS\System32\shlwapi.dll
0x75150000 - 0x751d8000 	C:\WINDOWS\System32\shcore.dll
0x6d710000 - 0x6d791000 	C:\WINDOWS\SYSTEM32\sxs.dll
0x6d2b0000 - 0x6d304000 	C:\Windows\System32\OLEACC.dll
0x5e4a0000 - 0x5e50c000 	C:\WINDOWS\SYSTEM32\twinapi.dll
0x66e20000 - 0x66f11000 	C:\WINDOWS\SYSTEM32\twinapi.appcore.dll
0x72ef0000 - 0x72f0b000 	C:\WINDOWS\SYSTEM32\bcrypt.dll
0x76180000 - 0x7626b000 	C:\WINDOWS\System32\ole32.dll
0x5d250000 - 0x5d395000 	C:\Program Files (x86)\Arduino\java\bin\awt.dll
0x73580000 - 0x73612000 	C:\WINDOWS\SYSTEM32\apphelp.dll
0x701d0000 - 0x701ef000 	C:\WINDOWS\system32\dwmapi.dll
0x61740000 - 0x6176c000 	C:\Program Files (x86)\Arduino\lib\listSerialsj.dll
0x777d0000 - 0x77bdb000 	C:\WINDOWS\System32\SETUPAPI.dll
0x71a70000 - 0x71a83000 	C:\WINDOWS\SYSTEM32\CRYPTSP.dll
0x71a40000 - 0x71a6f000 	C:\WINDOWS\system32\rsaenh.dll
0x62960000 - 0x62976000 	C:\Program Files (x86)\Arduino\java\bin\net.dll
0x70f30000 - 0x70f7e000 	C:\WINDOWS\system32\mswsock.dll
0x73d40000 - 0x73d6f000 	C:\WINDOWS\SYSTEM32\IPHLPAPI.DLL
0x75360000 - 0x75367000 	C:\WINDOWS\System32\NSI.dll
0x70eb0000 - 0x70ec3000 	C:\WINDOWS\SYSTEM32\dhcpcsvc6.DLL
0x70e90000 - 0x70ea4000 	C:\WINDOWS\SYSTEM32\dhcpcsvc.DLL
0x6b780000 - 0x6b78f000 	C:\Program Files (x86)\Arduino\java\bin\nio.dll
0x261c0000 - 0x261fd000 	C:\Users\JohnAlex\AppData\Local\Temp\jna--1366298135\jna6252558854844493698.dll
0x5ead0000 - 0x5eb09000 	C:\Program Files (x86)\Arduino\java\bin\fontmanager.dll
0x5ea90000 - 0x5eac2000 	C:\Program Files (x86)\Arduino\java\bin\t2k.dll
0x72f10000 - 0x72f32000 	C:\WINDOWS\SYSTEM32\DEVOBJ.dll
0x75810000 - 0x75854000 	C:\WINDOWS\System32\WINTRUST.dll
0x75e50000 - 0x75e5e000 	C:\WINDOWS\System32\MSASN1.dll
0x751e0000 - 0x7535d000 	C:\WINDOWS\System32\CRYPT32.dll
0x73cc0000 - 0x73d3d000 	C:\WINDOWS\SYSTEM32\DNSAPI.dll
0x703a0000 - 0x703c1000 	C:\Program Files (x86)\Bonjour\mdnsNSP.dll
0x701f0000 - 0x701f8000 	C:\Windows\System32\rasadhlp.dll
0x69e50000 - 0x69e99000 	C:\WINDOWS\System32\fwpuclnt.dll
0x57be0000 - 0x57c49000 	C:\Program Files (x86)\Arduino\msvcp100.dll
0x53a60000 - 0x53b1e000 	C:\Program Files (x86)\Arduino\msvcr100.dll
0x27570000 - 0x275a2000 	C:\Program Files (x86)\Arduino\lib\AStylej.dll
0x5fcd0000 - 0x5fcf4000 	C:\Program Files (x86)\Arduino\java\bin\dcpr.dll
0x6ee40000 - 0x6efae000 	C:\WINDOWS\SYSTEM32\WindowsCodecs.dll
0x6a1a0000 - 0x6a1e4000 	C:\WINDOWS\system32\dataexchange.dll
0x63500000 - 0x63730000 	C:\WINDOWS\system32\d3d11.dll
0x649b0000 - 0x64ac3000 	C:\WINDOWS\system32\dcomp.dll
0x6b2b0000 - 0x6b333000 	C:\WINDOWS\system32\dxgi.dll
0x64d00000 - 0x64d4e000 	C:\WINDOWS\system32\Ninput.dll
0x5ebc0000 - 0x5ebe0000 	C:\Program Files (x86)\Arduino\java\bin\sunec.dll
0x5ebb0000 - 0x5ebb9000 	C:\Program Files (x86)\Arduino\java\bin\sunmscapi.dll
0x6b760000 - 0x6b772000 	C:\WINDOWS\system32\napinsp.dll
0x69a30000 - 0x69a46000 	C:\WINDOWS\system32\pnrpnsp.dll
0x69a10000 - 0x69a24000 	C:\WINDOWS\system32\NLAapi.dll
0x69a00000 - 0x69a0c000 	C:\WINDOWS\System32\winrnr.dll
0x699e0000 - 0x699f1000 	C:\WINDOWS\System32\wshbth.dll
0x64000000 - 0x6401b000 	C:\Users\JohnAlex\.jssc\windows\jSSC-2.8_x86.dll
0x6ad90000 - 0x6aed5000 	C:\WINDOWS\SYSTEM32\dbghelp.dll

VM Arguments:
jvm_args: -Dsun.java2d.d3d=false -Djna.nosys=true -DAPP_DIR=C:\Program Files (x86)\Arduino -Xms128M -Xmx512M 
java_command: processing.app.Base C:\Users\JohnAlex\Documents\balancer\Balancer\code\arduino\RCcontrol\AcrylicBalanceCar\AcrylicBalanceCar.ino
java_class_path (initial): C:\Program Files (x86)\Arduino\lib\apple.jar;C:\Program Files (x86)\Arduino\lib\arduino-core.jar;C:\Program Files (x86)\Arduino\lib\batik-1.8.jar;C:\Program Files (x86)\Arduino\lib\batik-anim-1.8.jar;C:\Program Files (x86)\Arduino\lib\batik-awt-util-1.8.jar;C:\Program Files (x86)\Arduino\lib\batik-bridge-1.8.jar;C:\Program Files (x86)\Arduino\lib\batik-codec-1.8.jar;C:\Program Files (x86)\Arduino\lib\batik-css-1.8.jar;C:\Program Files (x86)\Arduino\lib\batik-dom-1.8.jar;C:\Program Files (x86)\Arduino\lib\batik-ext-1.8.jar;C:\Program Files (x86)\Arduino\lib\batik-gvt-1.8.jar;C:\Program Files (x86)\Arduino\lib\batik-parser-1.8.jar;C:\Program Files (x86)\Arduino\lib\batik-rasterizer-1.8.jar;C:\Program Files (x86)\Arduino\lib\batik-script-1.8.jar;C:\Program Files (x86)\Arduino\lib\batik-squiggle-1.8.jar;C:\Program Files (x86)\Arduino\lib\batik-svg-dom-1.8.jar;C:\Program Files (x86)\Arduino\lib\batik-svgpp-1.8.jar;C:\Program Files (x86)\Arduino\lib\batik-transcoder-1.8.jar;C:\Program Files (x86)\Arduino\lib\batik-util-1.8.jar;C:\Program Files (x86)\Arduino\lib\batik-xml-1.8.jar;C:\Program Files (x86)\Arduino\lib\bcpg-jdk15on-152.jar;C:\Program Files (x86)\Arduino\lib\bcprov-jdk15on-152.jar;C:\Program Files (x86)\Arduino\lib\commons-codec-1.7.jar;C:\Program Files (x86)\Arduino\lib\commons-compress-1.8.jar;C:\Program Files (x86)\Arduino\lib\commons-exec-1.1.jar;C:\Program Files (x86)\Arduino\lib\commons-httpclient-3.1.jar;C:\Program Files (x86)\Arduino\lib\commons-lang3-3.3.2.jar;C:\Program Files (x86)\Arduino\lib\commons-logging-1.0.4.jar;C:\Program Files (x86)\Arduino\lib\commons-net-3.3.jar;C:\Program Files (x86)\Arduino\lib\jackson-annotations-2.6.3.jar;C:\Program Files (x86)\Arduino\lib\jackson-core-2.6.3.jar;C:\Program Files (x86)\Arduino\lib\jackson-databind-2.6.3.jar;C:\Program Files (x86)\Arduino\lib\jackson-module-mrbean-2.6.3.jar;C:\Program Files (x86)\Arduino\lib\java-semver-0.8.0.jar;C:\Program Files (x86)\Arduino\lib\jmdns-3.4.1.j
Launcher Type: SUN_STANDARD

Environment Variables:
PATH=C:\Program Files (x86)\Pololu\Maestro\bin;C:\OCaml\bin;C:\Program Files (x86)\NVIDIA Corporation\PhysX\Common;C:\ProgramData\Oracle\Java\javapath;C:\Program Files (x86)\Intel\iCLS Client\;C:\Program Files\Intel\iCLS Client\;C:\Program Files\Dell\DW WLAN Card;C:\WINDOWS\system32;C:\WINDOWS;C:\WINDOWS\System32\Wbem;C:\WINDOWS\System32\WindowsPowerShell\v1.0\;C:\Program Files\WIDCOMM\Bluetooth Software\;C:\Program Files\WIDCOMM\Bluetooth Software\syswow64;C:\Program Files\Intel\Intel(R) Management Engine Components\DAL;C:\Program Files (x86)\Intel\Intel(R) Management Engine Components\DAL;C:\Program Files\Intel\Intel(R) Management Engine Components\IPT;C:\Program Files (x86)\Intel\Intel(R) Management Engine Components\IPT;C:\Users\JohnAlex\.dnx\bin;C:\Program Files\Microsoft DNX\Dnvm\;C:\Program Files (x86)\GnuWin32\bin\;C:\Program Files\Microsoft SQL Server\Client SDK\ODBC\110\Tools\Binn\;C:\Program Files (x86)\Microsoft SQL Server\120\Tools\Binn\;C:\Program Files\Microsoft SQL Server\120\Tools\Binn\;C:\Program Files\Microsoft SQL Server\120\DTS\Binn\;C:\Program Files (x86)\Windows Kits\8.1\Windows Performance Toolkit\;C:\Program Files\TortoiseSVN\bin;C:\Program Files (x86)\Muse;C:\Program Files\MATLAB\R2016b\runtime\win64;C:\Program Files\MATLAB\R2016b\bin;C:\Program Files (x86)\Skype\Phone\;C:\Users\JohnAlex\Anaconda3;C:\Users\JohnAlex\Anaconda3\Scripts;C:\Users\JohnAlex\Anaconda3\Library\bin;C:\Users\JohnAlex\AppData\Local\Microsoft\WindowsApps;;C:\Program Files (x86)\Arduino\java\bin
USERNAME=JohnAlex
OS=Windows_NT
PROCESSOR_IDENTIFIER=Intel64 Family 6 Model 61 Stepping 4, GenuineIntel



---------------  S Y S T E M  ---------------

OS: Windows 10.0 , 64 bit Build 14393 (10.0.14393.0)

CPU:total 4 (2 cores per cpu, 2 threads per core) family 6 model 61 stepping 4, cmov, cx8, fxsr, mmx, sse, sse2, sse3, ssse3, sse4.1, sse4.2, popcnt, avx, avx2, aes, clmul, erms, 3dnowpref, lzcnt, ht, tsc, tscinvbit, bmi1, bmi2, adx

Memory: 4k page, physical 8291112k(1686608k free), swap 23218336k(4546328k free)

vm_info: Java HotSpot(TM) Client VM (25.92-b14) for windows-x86 JRE (1.8.0_92-b14), built on Mar 31 2016 21:09:21 by "java_re" with MS VC++ 10.0 (VS2010)

time: Thu Apr 20 17:25:03 2017
elapsed time: 43892 seconds (0d 12h 11m 32s)

